2025-04-05 21:50:53,769 - INFO - 日志系统配置完成
2025-04-05 21:50:53,775 - INFO - 正在从JSONL文件读取数据...
2025-04-05 21:53:13,370 - INFO - 日志系统配置完成
2025-04-05 21:53:13,371 - INFO - 正在从JSONL文件读取数据...
2025-04-05 22:01:01,978 - INFO - 日志系统配置完成
2025-04-05 22:01:01,978 - INFO - 正在从JSONL文件读取数据...
2025-04-05 23:35:32,831 - INFO - 日志系统配置完成
2025-04-05 23:35:32,832 - INFO - 正在从JSONL文件读取数据...
2025-04-05 23:35:32,960 - INFO - 
原始职位分布情况：
2025-04-05 23:35:32,960 - INFO - 总样本数：7361
2025-04-05 23:35:32,960 - INFO - 总类别数：2577
2025-04-05 23:35:32,960 - INFO - 每个类别的平均样本数：2.86
2025-04-05 23:35:32,962 - INFO - 样本数最多的前10个类别：
运营专员         1299
产品经理          422
主播            295
销售专员          269
软件测试工程师       206
IT运维工程师       130
新媒体运营         117
Java开发工程师     105
UI设计师         105
美容师            69
Name: positionName, dtype: int64
2025-04-05 23:35:32,963 - INFO - 
过滤前的样本数：7361
2025-04-05 23:35:32,964 - INFO - 过滤后的样本数：3582
2025-04-05 23:35:32,964 - INFO - 过滤后的职位类别数：33
2025-04-05 23:35:32,964 - INFO - 正在进行文本预处理...
2025-04-05 23:35:33,056 - INFO - 正在进行分词...
2025-04-05 23:35:36,861 - INFO - 
最终职位分布情况：
2025-04-05 23:35:36,861 - INFO - 保留的职位类别数：33
2025-04-05 23:35:36,861 - INFO - 每个类别的平均样本数：108.55
2025-04-05 23:35:36,862 - INFO - 样本数最多的前10个类别：
运营专员         1299
产品经理          422
主播            295
销售专员          269
软件测试工程师       206
IT运维工程师       130
新媒体运营         117
UI设计师         105
Java开发工程师     105
美容师            69
Name: positionName, dtype: int64
2025-04-05 23:35:36,865 - INFO - 训练集大小：2865
2025-04-05 23:35:36,866 - INFO - 测试集大小：717
2025-04-05 23:35:36,866 - INFO - 开始进行参数调优...
